2025-04-08 18:28:47.885567 - Received CBT.V508.FILE096.PDS from FILE096.XMI 
2025-04-08 18:28:47.899488 - Found $$$$DOC.txt (text/plain) in CBT.V508.FILE096.PDS, moved to PDS/$$$$DOC
2025-04-08 18:28:47.900209 - Found $$$#DATE.txt (text/plain) in CBT.V508.FILE096.PDS, moved to PDS/$$$#DATE
2025-04-08 18:28:47.901115 - Found $$$INDEX.txt (text/plain) in CBT.V508.FILE096.PDS, moved to PDS/$$$INDEX
2025-04-08 18:28:47.901835 - Found $$COPYRT.txt (text/plain) in CBT.V508.FILE096.PDS, moved to PDS/$$COPYRT
2025-04-08 18:28:47.902558 - Found @DADSM.txt (text/plain) in CBT.V508.FILE096.PDS, moved to PDS/@DADSM
2025-04-08 18:28:47.903173 - Found @DADSMMD.txt (text/plain) in CBT.V508.FILE096.PDS, moved to PDS/@DADSMMD
2025-04-08 18:28:47.903788 - Found @FILE096.txt (text/plain) in CBT.V508.FILE096.PDS, moved to PDS/@FILE096
2025-04-08 18:28:47.904361 - Found @HCCRCCK.jcl (text/plain) in CBT.V508.FILE096.PDS, moved to PDS/@HCCRCCK
2025-04-08 18:28:47.904935 - Found @IEFUJV.txt (text/plain) in CBT.V508.FILE096.PDS, moved to PDS/@IEFUJV
2025-04-08 18:28:47.905606 - Found @INIDASD.txt (text/plain) in CBT.V508.FILE096.PDS, moved to PDS/@INIDASD
2025-04-08 18:28:47.906173 - Found @INITSYS.txt (text/plain) in CBT.V508.FILE096.PDS, moved to PDS/@INITSYS
2025-04-08 18:28:47.906751 - Found @JESCKPT.txt (text/plain) in CBT.V508.FILE096.PDS, moved to PDS/@JESCKPT
2025-04-08 18:28:47.907390 - Found @JESPARM.txt (text/plain) in CBT.V508.FILE096.PDS, moved to PDS/@JESPARM
2025-04-08 18:28:47.908098 - Found @JESSMF.jcl (text/plain) in CBT.V508.FILE096.PDS, moved to PDS/@JESSMF
2025-04-08 18:28:47.908757 - Found @NCTDOC.txt (text/plain) in CBT.V508.FILE096.PDS, moved to PDS/@NCTDOC
2025-04-08 18:28:47.909341 - Found ATTCHATH.txt (text/plain) in CBT.V508.FILE096.PDS, moved to PDS/ATTCHATH
2025-04-08 18:28:47.909918 - Found CONNECT.txt (text/plain) in CBT.V508.FILE096.PDS, moved to PDS/CONNECT
2025-04-08 18:28:47.910615 - Found DADSMBLK.txt (text/plain) in CBT.V508.FILE096.PDS, moved to PDS/DADSMBLK
2025-04-08 18:28:47.911284 - Found DADSMMOD.txt (text/plain) in CBT.V508.FILE096.PDS, moved to PDS/DADSMMOD
2025-04-08 18:28:47.911942 - Found DSAD.txt (text/plain) in CBT.V508.FILE096.PDS, moved to PDS/DSAD
2025-04-08 18:28:47.912536 - Found EQUREGS.txt (text/plain) in CBT.V508.FILE096.PDS, moved to PDS/EQUREGS
2025-04-08 18:28:47.913175 - Found FINDCHR.txt (text/plain) in CBT.V508.FILE096.PDS, moved to PDS/FINDCHR
2025-04-08 18:28:47.913910 - Found HCCDADSM.txt (text/plain) in CBT.V508.FILE096.PDS, moved to PDS/HCCDADSM
2025-04-08 18:28:47.914602 - Found HCCRCCK.txt (text/plain) in CBT.V508.FILE096.PDS, moved to PDS/HCCRCCK
2025-04-08 18:28:47.915200 - Found HJUX2530.txt (text/plain) in CBT.V508.FILE096.PDS, moved to PDS/HJUX2530
2025-04-08 18:28:47.915791 - Found IEFUJV.txt (text/plain) in CBT.V508.FILE096.PDS, moved to PDS/IEFUJV
2025-04-08 18:28:47.916378 - Found IGGPRE00.txt (text/plain) in CBT.V508.FILE096.PDS, moved to PDS/IGGPRE00
2025-04-08 18:28:47.917090 - Found INIDADSM.txt (text/plain) in CBT.V508.FILE096.PDS, moved to PDS/INIDADSM
2025-04-08 18:28:47.917763 - Found INITNCT.txt (text/plain) in CBT.V508.FILE096.PDS, moved to PDS/INITNCT
2025-04-08 18:28:47.918482 - Found IPLDATE.txt (text/plain) in CBT.V508.FILE096.PDS, moved to PDS/IPLDATE
2025-04-08 18:28:47.919149 - Found KEYWORD.txt (text/plain) in CBT.V508.FILE096.PDS, moved to PDS/KEYWORD
2025-04-08 18:28:47.919789 - Found KWDREPL.txt (text/plain) in CBT.V508.FILE096.PDS, moved to PDS/KWDREPL
2025-04-08 18:28:47.920392 - Found KWDTABLE.txt (text/plain) in CBT.V508.FILE096.PDS, moved to PDS/KWDTABLE
2025-04-08 18:28:47.921028 - Found MDL0101.txt (text/plain) in CBT.V508.FILE096.PDS, moved to PDS/MDL0101
2025-04-08 18:28:47.921667 - Found MDL0103.txt (text/plain) in CBT.V508.FILE096.PDS, moved to PDS/MDL0103
2025-04-08 18:28:47.922293 - Found MJL1401.txt (text/plain) in CBT.V508.FILE096.PDS, moved to PDS/MJL1401
2025-04-08 18:28:47.922913 - Found MJL1501.txt (text/plain) in CBT.V508.FILE096.PDS, moved to PDS/MJL1501
2025-04-08 18:28:47.923594 - Found MSL0101.txt (text/plain) in CBT.V508.FILE096.PDS, moved to PDS/MSL0101
2025-04-08 18:28:47.924218 - Found MSL0103.txt (text/plain) in CBT.V508.FILE096.PDS, moved to PDS/MSL0103
2025-04-08 18:28:47.924790 - Found NCT.txt (text/plain) in CBT.V508.FILE096.PDS, moved to PDS/NCT
2025-04-08 18:28:47.925420 - Found PDUMP.txt (text/plain) in CBT.V508.FILE096.PDS, moved to PDS/PDUMP
2025-04-08 18:28:47.926111 - Found PLIARRV.txt (text/plain) in CBT.V508.FILE096.PDS, moved to PDS/PLIARRV
2025-04-08 18:28:47.926769 - Found PLIRETN.txt (text/plain) in CBT.V508.FILE096.PDS, moved to PDS/PLIRETN
2025-04-08 18:28:47.927442 - Found RELEASE.txt (text/plain) in CBT.V508.FILE096.PDS, moved to PDS/RELEASE
2025-04-08 18:28:47.928133 - Found SETAMODE.txt (text/plain) in CBT.V508.FILE096.PDS, moved to PDS/SETAMODE
2025-04-08 18:28:47.928750 - Found TRIM.txt (text/plain) in CBT.V508.FILE096.PDS, moved to PDS/TRIM
2025-04-08 18:28:47.929425 - Found TSJESSMF.txt (text/plain) in CBT.V508.FILE096.PDS, moved to PDS/TSJESSMF
2025-04-08 18:28:47.930007 - Found TYPE.txt (text/plain) in CBT.V508.FILE096.PDS, moved to PDS/TYPE
